<?xml version="1.0" encoding="UTF-8"?>
<robot generator="Robot 4.0 (Python 3.9.2 on win32)" generated="20210331 23:23:52.011" rpa="false" schemaversion="2">
<suite id="s1" name="Player" source="E:\parodify_robot\tests\player.robot">
<test id="s1-t1" name="Reproduzir paródia bug de manhã">
<kw name="Login" library="player" type="SETUP">
<kw name="Open Login Page" library="login">
<kw name="Open Browser" library="Browser">
<arg>http://parodify.herokuapp.com/users/sign_in</arg>
<tag>BrowserControl</tag>
<tag>Setter</tag>
<doc>Opens a new browser instance. Use this keyword for quick experiments or debugging sessions.
Use `New Page` directly instead of `Open Browser` for production and automated execution.
See `Browser, Context and Page` for more information about Browser and related concepts.</doc>
<msg timestamp="20210331 23:23:52.686" level="WARN">Open Browser is for quick experimentation and debugging only. Use New Page for production.</msg>
<msg timestamp="20210331 23:23:52.686" level="INFO">{"browser": "chromium", "headless": false, "handleSIGINT": true, "handleSIGTERM": true, "handleSIGHUP": true, "timeout": 30000.0, "devtools": false, "slowMo": 0.0}</msg>
<msg timestamp="20210331 23:23:52.839" level="INFO">Successfully created browser with options: {"browser":"chromium","headless":false,"handleSIGINT":true,"handleSIGTERM":true,"handleSIGHUP":true,"timeout":30000,"devtools":false,"slowMo":0}</msg>
<msg timestamp="20210331 23:23:52.840" level="INFO">{"acceptDownloads": false, "ignoreHTTPSErrors": false, "bypassCSP": false, "deviceScaleFactor": 1.0, "isMobile": false, "hasTouch": false, "javaScriptEnabled": true, "offline": false, "hideRfBrowser": false}</msg>
<msg timestamp="20210331 23:23:52.853" level="INFO">Successfully created context with options: {"acceptDownloads":false,"ignoreHTTPSErrors":false,"bypassCSP":false,"deviceScaleFactor":1,"isMobile":false,"hasTouch":false,"javaScriptEnabled":true,"offline":false,"hideRfBrowser":false}</msg>
<msg timestamp="20210331 23:23:54.651" level="INFO">Successfully initialized new page object and opened url: http://parodify.herokuapp.com/users/sign_in</msg>
<status status="PASS" starttime="20210331 23:23:52.686" endtime="20210331 23:23:54.651"/>
</kw>
<status status="PASS" starttime="20210331 23:23:52.686" endtime="20210331 23:23:54.652"/>
</kw>
<kw name="Login with" library="login">
<arg>papito@parodify.com</arg>
<arg>pwd123</arg>
<kw name="Fill Text" library="Browser">
<arg>id=user_email</arg>
<arg>${email}</arg>
<tag>PageContent</tag>
<tag>Setter</tag>
<doc>Clears and fills the given ``text`` into the text field found by ``selector``.</doc>
<msg timestamp="20210331 23:23:54.652" level="INFO">Fills the text 'papito@parodify.com' in the given field.</msg>
<status status="PASS" starttime="20210331 23:23:54.652" endtime="20210331 23:23:54.681"/>
</kw>
<kw name="Fill Text" library="Browser">
<arg>id=user_password</arg>
<arg>${password}</arg>
<tag>PageContent</tag>
<tag>Setter</tag>
<doc>Clears and fills the given ``text`` into the text field found by ``selector``.</doc>
<msg timestamp="20210331 23:23:54.681" level="INFO">Fills the text 'pwd123' in the given field.</msg>
<status status="PASS" starttime="20210331 23:23:54.681" endtime="20210331 23:23:54.693"/>
</kw>
<kw name="Click" library="Browser">
<arg>css=input[type=submit]</arg>
<tag>PageContent</tag>
<tag>Setter</tag>
<doc>Simulates mouse click on the element found by ``selector``.</doc>
<status status="PASS" starttime="20210331 23:23:54.693" endtime="20210331 23:23:55.213"/>
</kw>
<status status="PASS" starttime="20210331 23:23:54.652" endtime="20210331 23:23:55.214"/>
</kw>
<status status="PASS" starttime="20210331 23:23:52.685" endtime="20210331 23:23:55.214"/>
</kw>
<kw name="Open Search Page" library="player">
<kw name="Click" library="Browser">
<arg>css=a[href*=search]</arg>
<tag>PageContent</tag>
<tag>Setter</tag>
<doc>Simulates mouse click on the element found by ``selector``.</doc>
<status status="PASS" starttime="20210331 23:23:55.215" endtime="20210331 23:23:55.420"/>
</kw>
<status status="PASS" starttime="20210331 23:23:55.214" endtime="20210331 23:23:55.420"/>
</kw>
<kw name="Check If Search Page is Opened" library="player">
<kw name="Wait For Elements State" library="Browser">
<arg>xpath=//h2[contains(text(), "Buscar")]</arg>
<arg>visible</arg>
<arg>10</arg>
<tag>PageContent</tag>
<tag>Wait</tag>
<doc>Waits for the element found by ``selector`` to satisfy state option.</doc>
<msg timestamp="20210331 23:23:55.728" level="INFO">Wait for Element with selector: xpath=//h2[contains(text(), "Buscar")]</msg>
<status status="PASS" starttime="20210331 23:23:55.421" endtime="20210331 23:23:55.728"/>
</kw>
<status status="PASS" starttime="20210331 23:23:55.421" endtime="20210331 23:23:55.728"/>
</kw>
<kw name="Click On Sertanejo" library="player">
<kw name="Click" library="Browser">
<arg>xpath=//img[contains(@src, "sertanejo.png")]/..</arg>
<tag>PageContent</tag>
<tag>Setter</tag>
<doc>Simulates mouse click on the element found by ``selector``.</doc>
<status status="PASS" starttime="20210331 23:23:55.729" endtime="20210331 23:23:56.053"/>
</kw>
<status status="PASS" starttime="20210331 23:23:55.729" endtime="20210331 23:23:56.053"/>
</kw>
<kw name="Check If Sertanejo is Opened" library="player">
<kw name="Wait For Elements State" library="Browser">
<arg>xpath=//h2[contains(text(), "Sertanejo")]</arg>
<arg>visible</arg>
<arg>10</arg>
<tag>PageContent</tag>
<tag>Wait</tag>
<doc>Waits for the element found by ``selector`` to satisfy state option.</doc>
<msg timestamp="20210331 23:23:56.343" level="INFO">Wait for Element with selector: xpath=//h2[contains(text(), "Sertanejo")]</msg>
<status status="PASS" starttime="20210331 23:23:56.054" endtime="20210331 23:23:56.343"/>
</kw>
<status status="PASS" starttime="20210331 23:23:56.054" endtime="20210331 23:23:56.343"/>
</kw>
<kw name="Click On Marcus e Debug" library="player">
<kw name="Click" library="Browser">
<arg>xpath=//p[contains(text(), "Marcus e Debug")]</arg>
<tag>PageContent</tag>
<tag>Setter</tag>
<doc>Simulates mouse click on the element found by ``selector``.</doc>
<status status="PASS" starttime="20210331 23:23:56.344" endtime="20210331 23:23:56.388"/>
</kw>
<status status="PASS" starttime="20210331 23:23:56.343" endtime="20210331 23:23:56.388"/>
</kw>
<kw name="Click On The Music" library="player">
<kw name="Click" library="Browser">
<arg>xpath=//h2[contains(text(), "Bug de Manhã")]/../..//div[contains(@class, "play")]//a</arg>
<tag>PageContent</tag>
<tag>Setter</tag>
<doc>Simulates mouse click on the element found by ``selector``.</doc>
<status status="PASS" starttime="20210331 23:23:56.388" endtime="20210331 23:23:56.768"/>
</kw>
<status status="PASS" starttime="20210331 23:23:56.388" endtime="20210331 23:23:56.768"/>
</kw>
<kw name="Check If Music is Playing" library="player">
<kw name="Get Style" library="Browser">
<arg>xpath=//h2[contains(text(), "Bug de Manhã")]/../../..</arg>
<arg>color</arg>
<arg>equal</arg>
<arg>rgb(225, 0, 180)</arg>
<tag>Assertion</tag>
<tag>Getter</tag>
<tag>PageContent</tag>
<doc>Gets the computed style properties of the element selected by ``selector``.</doc>
<msg timestamp="20210331 23:23:56.778" level="INFO">Value of key: color</msg>
<msg timestamp="20210331 23:23:56.778" level="INFO">Value of selected property: rgb(225, 0, 180)</msg>
<status status="PASS" starttime="20210331 23:23:56.769" endtime="20210331 23:23:56.778"/>
</kw>
<status status="PASS" starttime="20210331 23:23:56.768" endtime="20210331 23:23:56.778"/>
</kw>
<status status="PASS" starttime="20210331 23:23:52.684" endtime="20210331 23:23:56.778"/>
</test>
<doc>Testando o player de paródias</doc>
<status status="PASS" starttime="20210331 23:23:52.012" endtime="20210331 23:23:56.823"/>
</suite>
<statistics>
<total>
<stat pass="1" fail="0" skip="0">All Tests</stat>
</total>
<tag>
</tag>
<suite>
<stat pass="1" fail="0" skip="0" id="s1" name="Player">Player</stat>
</suite>
</statistics>
<errors>
<msg timestamp="20210331 23:23:52.686" level="WARN">Open Browser is for quick experimentation and debugging only. Use New Page for production.</msg>
</errors>
</robot>
